# JRE version: OpenJDK Runtime Environment (8.0_112-b06) (build 1.8.0_112-release-b06)
# Java VM: OpenJDK 64-Bit Server VM (25.112-b06 mixed mode linux-amd64 compressed oops)
Heap:
 PSYoungGen      total 365056K, used 364947K [0x00000000e0000000, 0x00000000fbb00000, 0x0000000100000000)
  eden space 351744K, 99% used [0x00000000e0000000,0x00000000f576bfe8,0x00000000f5780000)
  from space 13312K, 99% used [0x00000000f6f00000,0x00000000f7bf8c98,0x00000000f7c00000)
  to   space 24064K, 88% used [0x00000000f5780000,0x00000000f6c46640,0x00000000f6f00000)
 ParOldGen       total 131072K, used 33615K [0x00000000a0000000, 0x00000000a8000000, 0x00000000e0000000)
  object space 131072K, 25% used [0x00000000a0000000,0x00000000a20d3f70,0x00000000a8000000)
 Metaspace       used 52983K, capacity 54772K, committed 54960K, reserved 1097728K
  class space    used 7168K, capacity 7531K, committed 7600K, reserved 1048576K
GC Heap History (10 events):
Event: 0.984 GC heap after
Heap after GC invocations=4 (full 1):
 PSYoungGen      total 139264K, used 0K [0x00000000e0000000, 0x00000000f1000000, 0x0000000100000000)
  eden space 129024K, 0% used [0x00000000e0000000,0x00000000e0000000,0x00000000e7e00000)
  from space 10240K, 0% used [0x00000000e7e00000,0x00000000e7e00000,0x00000000e8800000)
  to   space 10240K, 0% used [0x00000000f0600000,0x00000000f0600000,0x00000000f1000000)
 ParOldGen       total 90624K, used 7125K [0x00000000a0000000, 0x00000000a5880000, 0x00000000e0000000)
  object space 90624K, 7% used [0x00000000a0000000,0x00000000a06f55e0,0x00000000a5880000)
 Metaspace       used 20848K, capacity 21164K, committed 21296K, reserved 1067008K
  class space    used 2745K, capacity 2838K, committed 2864K, reserved 1048576K
}
Event: 1.900 GC heap before
{Heap before GC invocations=5 (full 1):
 PSYoungGen      total 139264K, used 129024K [0x00000000e0000000, 0x00000000f1000000, 0x0000000100000000)
  eden space 129024K, 100% used [0x00000000e0000000,0x00000000e7e00000,0x00000000e7e00000)
  from space 10240K, 0% used [0x00000000e7e00000,0x00000000e7e00000,0x00000000e8800000)
  to   space 10240K, 0% used [0x00000000f0600000,0x00000000f0600000,0x00000000f1000000)
 ParOldGen       total 90624K, used 7125K [0x00000000a0000000, 0x00000000a5880000, 0x00000000e0000000)
  object space 90624K, 7% used [0x00000000a0000000,0x00000000a06f55e0,0x00000000a5880000)
 Metaspace       used 28737K, capacity 29118K, committed 29488K, reserved 1075200K
  class space    used 3912K, capacity 4029K, committed 4144K, reserved 1048576K
Event: 1.909 GC heap after
Heap after GC invocations=5 (full 1):
 PSYoungGen      total 229888K, used 9789K [0x00000000e0000000, 0x00000000f1000000, 0x0000000100000000)
  eden space 219648K, 0% used [0x00000000e0000000,0x00000000e0000000,0x00000000ed680000)
  from space 10240K, 95% used [0x00000000f0600000,0x00000000f0f8f440,0x00000000f1000000)
  to   space 10240K, 0% used [0x00000000efc00000,0x00000000efc00000,0x00000000f0600000)
 ParOldGen       total 90624K, used 7205K [0x00000000a0000000, 0x00000000a5880000, 0x00000000e0000000)
  object space 90624K, 7% used [0x00000000a0000000,0x00000000a07095f0,0x00000000a5880000)
 Metaspace       used 28737K, capacity 29118K, committed 29488K, reserved 1075200K
  class space    used 3912K, capacity 4029K, committed 4144K, reserved 1048576K
}
Event: 2.308 GC heap before
{Heap before GC invocations=6 (full 1):
 PSYoungGen      total 229888K, used 87336K [0x00000000e0000000, 0x00000000f1000000, 0x0000000100000000)
  eden space 219648K, 35% used [0x00000000e0000000,0x00000000e4bbad88,0x00000000ed680000)
  from space 10240K, 95% used [0x00000000f0600000,0x00000000f0f8f440,0x00000000f1000000)
  to   space 10240K, 0% used [0x00000000efc00000,0x00000000efc00000,0x00000000f0600000)
 ParOldGen       total 90624K, used 7205K [0x00000000a0000000, 0x00000000a5880000, 0x00000000e0000000)
  object space 90624K, 7% used [0x00000000a0000000,0x00000000a07095f0,0x00000000a5880000)
 Metaspace       used 34651K, capacity 35168K, committed 35496K, reserved 1079296K
  class space    used 4638K, capacity 4792K, committed 4912K, reserved 1048576K
Event: 2.318 GC heap after
Heap after GC invocations=6 (full 1):
 PSYoungGen      total 268288K, used 10239K [0x00000000e0000000, 0x00000000f7c00000, 0x0000000100000000)
  eden space 258048K, 0% used [0x00000000e0000000,0x00000000e0000000,0x00000000efc00000)
  from space 10240K, 99% used [0x00000000efc00000,0x00000000f05ffdd8,0x00000000f0600000)
  to   space 13312K, 0% used [0x00000000f6f00000,0x00000000f6f00000,0x00000000f7c00000)
 ParOldGen       total 90624K, used 8028K [0x00000000a0000000, 0x00000000a5880000, 0x00000000e0000000)
  object space 90624K, 8% used [0x00000000a0000000,0x00000000a07d7050,0x00000000a5880000)
 Metaspace       used 34651K, capacity 35168K, committed 35496K, reserved 1079296K
  class space    used 4638K, capacity 4792K, committed 4912K, reserved 1048576K
}
Event: 2.318 GC heap before
{Heap before GC invocations=7 (full 2):
 PSYoungGen      total 268288K, used 10239K [0x00000000e0000000, 0x00000000f7c00000, 0x0000000100000000)
  eden space 258048K, 0% used [0x00000000e0000000,0x00000000e0000000,0x00000000efc00000)
  from space 10240K, 99% used [0x00000000efc00000,0x00000000f05ffdd8,0x00000000f0600000)
  to   space 13312K, 0% used [0x00000000f6f00000,0x00000000f6f00000,0x00000000f7c00000)
 ParOldGen       total 90624K, used 8028K [0x00000000a0000000, 0x00000000a5880000, 0x00000000e0000000)
  object space 90624K, 8% used [0x00000000a0000000,0x00000000a07d7050,0x00000000a5880000)
 Metaspace       used 34651K, capacity 35168K, committed 35496K, reserved 1079296K
  class space    used 4638K, capacity 4792K, committed 4912K, reserved 1048576K
Event: 2.416 GC heap after
Heap after GC invocations=7 (full 2):
 PSYoungGen      total 268288K, used 0K [0x00000000e0000000, 0x00000000f7c00000, 0x0000000100000000)
  eden space 258048K, 0% used [0x00000000e0000000,0x00000000e0000000,0x00000000efc00000)
  from space 10240K, 0% used [0x00000000efc00000,0x00000000efc00000,0x00000000f0600000)
  to   space 13312K, 0% used [0x00000000f6f00000,0x00000000f6f00000,0x00000000f7c00000)
 ParOldGen       total 131072K, used 17799K [0x00000000a0000000, 0x00000000a8000000, 0x00000000e0000000)
  object space 131072K, 13% used [0x00000000a0000000,0x00000000a1161e48,0x00000000a8000000)
 Metaspace       used 34651K, capacity 35168K, committed 35496K, reserved 1079296K
  class space    used 4638K, capacity 4792K, committed 4912K, reserved 1048576K
}
Event: 3.753 GC heap before
{Heap before GC invocations=8 (full 2):
 PSYoungGen      total 268288K, used 258048K [0x00000000e0000000, 0x00000000f7c00000, 0x0000000100000000)
  eden space 258048K, 100% used [0x00000000e0000000,0x00000000efc00000,0x00000000efc00000)
  from space 10240K, 0% used [0x00000000efc00000,0x00000000efc00000,0x00000000f0600000)
  to   space 13312K, 0% used [0x00000000f6f00000,0x00000000f6f00000,0x00000000f7c00000)
 ParOldGen       total 131072K, used 17799K [0x00000000a0000000, 0x00000000a8000000, 0x00000000e0000000)
  object space 131072K, 13% used [0x00000000a0000000,0x00000000a1161e48,0x00000000a8000000)
 Metaspace       used 50257K, capacity 51848K, committed 52016K, reserved 1093632K
  class space    used 6829K, capacity 7169K, committed 7216K, reserved 1048576K
Event: 3.773 GC heap after
Heap after GC invocations=8 (full 2):
 PSYoungGen      total 365056K, used 13283K [0x00000000e0000000, 0x00000000fbb00000, 0x0000000100000000)
  eden space 351744K, 0% used [0x00000000e0000000,0x00000000e0000000,0x00000000f5780000)
  from space 13312K, 99% used [0x00000000f6f00000,0x00000000f7bf8c98,0x00000000f7c00000)
  to   space 24064K, 0% used [0x00000000f5780000,0x00000000f5780000,0x00000000f6f00000)
 ParOldGen       total 131072K, used 33607K [0x00000000a0000000, 0x00000000a8000000, 0x00000000e0000000)
  object space 131072K, 25% used [0x00000000a0000000,0x00000000a20d1f70,0x00000000a8000000)
 Metaspace       used 50257K, capacity 51848K, committed 52016K, reserved 1093632K
  class space    used 6829K, capacity 7169K, committed 7216K, reserved 1048576K
}
Event: 4.544 GC heap before
{Heap before GC invocations=9 (full 2):
 PSYoungGen      total 365056K, used 364947K [0x00000000e0000000, 0x00000000fbb00000, 0x0000000100000000)
  eden space 351744K, 99% used [0x00000000e0000000,0x00000000f576bfe8,0x00000000f5780000)
  from space 13312K, 99% used [0x00000000f6f00000,0x00000000f7bf8c98,0x00000000f7c00000)
  to   space 24064K, 0% used [0x00000000f5780000,0x00000000f5780000,0x00000000f6f00000)
 ParOldGen       total 131072K, used 33607K [0x00000000a0000000, 0x00000000a8000000, 0x00000000e0000000)
  object space 131072K, 25% used [0x00000000a0000000,0x00000000a20d1f70,0x00000000a8000000)
 Metaspace       used 52983K, capacity 54772K, committed 54960K, reserved 1097728K
  class space    used 7168K, capacity 7531K, committed 7600K, reserved 1048576K

